
9월 26, 2024 09:54:12.139 NEW SESSION
9월 26, 2024 09:54:12.139 [5804:13928:0926/095412.137:ERROR:registration_request.cc(291)] Registration response error message: DEPRECATED_ENDPOINT
9월 26, 2024 09:54:12.212 Created TensorFlow Lite XNNPACK delegate for CPU.
9월 26, 2024 09:54:38.161 [5804:13928:0926/095438.160:ERROR:registration_request.cc(291)] Registration response error message: DEPRECATED_ENDPOINT
9월 26, 2024 09:55:26.838 [5804:13928:0926/095526.838:ERROR:registration_request.cc(291)] Registration response error message: DEPRECATED_ENDPOINT
9월 26, 2024 09:56:55.989 [5804:13928:0926/095655.989:ERROR:registration_request.cc(291)] Registration response error message: DEPRECATED_ENDPOINT
9월 26, 2024 10:00:08.436 [5804:13928:0926/100008.436:ERROR:registration_request.cc(291)] Registration response error message: DEPRECATED_ENDPOINT
9월 26, 2024 10:02:16.659 [5804:12808:0926/100216.659:ERROR:CONSOLE(1)] "Unknown VE context: justify-cotent", source: devtools://devtools/bundled/devtools-frontend/front_end/ui/visual_logging/visual_logging.js (1)
9월 26, 2024 10:02:17.348 [5804:12808:0926/100217.347:ERROR:CONSOLE(1)] "Unknown VE context: justify-cotent", source: devtools://devtools/bundled/devtools-frontend/front_end/ui/visual_logging/visual_logging.js (1)
9월 26, 2024 10:02:18.848 [5804:12808:0926/100218.848:ERROR:CONSOLE(1)] "Unknown VE context: justify-cotent", source: devtools://devtools/bundled/devtools-frontend/front_end/ui/visual_logging/visual_logging.js (1)
9월 26, 2024 10:02:19.433 [5804:12808:0926/100219.433:ERROR:CONSOLE(1)] "Unknown VE context: justify-cotent", source: devtools://devtools/bundled/devtools-frontend/front_end/ui/visual_logging/visual_logging.js (1)
9월 26, 2024 10:02:20.287 [5804:12808:0926/100220.286:ERROR:CONSOLE(1)] "Unknown VE context: justify-cotent", source: devtools://devtools/bundled/devtools-frontend/front_end/ui/visual_logging/visual_logging.js (1)
9월 26, 2024 10:02:24.237 [5804:12808:0926/100224.237:ERROR:CONSOLE(1)] "Unknown VE context: justify-cotent", source: devtools://devtools/bundled/devtools-frontend/front_end/ui/visual_logging/visual_logging.js (1)
9월 26, 2024 10:02:24.802 [5804:12808:0926/100224.802:ERROR:CONSOLE(1)] "Unknown VE context: justify-cotent", source: devtools://devtools/bundled/devtools-frontend/front_end/ui/visual_logging/visual_logging.js (1)
9월 26, 2024 10:02:25.612 [5804:12808:0926/100225.611:ERROR:CONSOLE(1)] "Unknown VE context: justify-cotent", source: devtools://devtools/bundled/devtools-frontend/front_end/ui/visual_logging/visual_logging.js (1)
9월 26, 2024 10:02:26.290 [5804:12808:0926/100226.290:ERROR:CONSOLE(1)] "Unknown VE context: justify-cotent", source: devtools://devtools/bundled/devtools-frontend/front_end/ui/visual_logging/visual_logging.js (1)
9월 26, 2024 10:02:26.495 [5804:12808:0926/100226.495:ERROR:CONSOLE(1)] "Unknown VE context: justify-cotent", source: devtools://devtools/bundled/devtools-frontend/front_end/ui/visual_logging/visual_logging.js (1)
9월 26, 2024 10:02:26.907 [5804:12808:0926/100226.907:ERROR:CONSOLE(1)] "Unknown VE context: justify-cotent", source: devtools://devtools/bundled/devtools-frontend/front_end/ui/visual_logging/visual_logging.js (1)
9월 26, 2024 10:02:27.492 [5804:12808:0926/100227.491:ERROR:CONSOLE(1)] "Unknown VE context: justify-cotent", source: devtools://devtools/bundled/devtools-frontend/front_end/ui/visual_logging/visual_logging.js (1)
9월 26, 2024 10:02:27.593 [5804:12808:0926/100227.593:ERROR:CONSOLE(1)] "Unknown VE context: justify-cotent", source: devtools://devtools/bundled/devtools-frontend/front_end/ui/visual_logging/visual_logging.js (1)
9월 26, 2024 10:02:28.99 [5804:12808:0926/100228.099:ERROR:CONSOLE(1)] "Unknown VE context: justify-cotent", source: devtools://devtools/bundled/devtools-frontend/front_end/ui/visual_logging/visual_logging.js (1)
9월 26, 2024 10:02:28.762 [5804:12808:0926/100228.761:ERROR:CONSOLE(1)] "Unknown VE context: justify-cotent", source: devtools://devtools/bundled/devtools-frontend/front_end/ui/visual_logging/visual_logging.js (1)
9월 26, 2024 10:02:29.276 [5804:12808:0926/100229.276:ERROR:CONSOLE(1)] "Unknown VE context: justify-cotent", source: devtools://devtools/bundled/devtools-frontend/front_end/ui/visual_logging/visual_logging.js (1)
9월 26, 2024 10:02:32.379 [5804:12808:0926/100232.379:ERROR:CONSOLE(1)] "Unknown VE context: justify-cotent", source: devtools://devtools/bundled/devtools-frontend/front_end/ui/visual_logging/visual_logging.js (1)
9월 26, 2024 10:02:32.897 [5804:12808:0926/100232.896:ERROR:CONSOLE(1)] "Unknown VE context: justify-cotent", source: devtools://devtools/bundled/devtools-frontend/front_end/ui/visual_logging/visual_logging.js (1)
9월 26, 2024 10:02:33.630 [5804:12808:0926/100233.630:ERROR:CONSOLE(1)] "Unknown VE context: justify-cotent", source: devtools://devtools/bundled/devtools-frontend/front_end/ui/visual_logging/visual_logging.js (1)
9월 26, 2024 10:02:34.198 [5804:12808:0926/100234.197:ERROR:CONSOLE(1)] "Unknown VE context: justify-cotent", source: devtools://devtools/bundled/devtools-frontend/front_end/ui/visual_logging/visual_logging.js (1)
9월 26, 2024 10:02:34.286 [5804:12808:0926/100234.286:ERROR:CONSOLE(1)] "Unknown VE context: justify-cotent", source: devtools://devtools/bundled/devtools-frontend/front_end/ui/visual_logging/visual_logging.js (1)
9월 26, 2024 10:02:34.791 [5804:12808:0926/100234.791:ERROR:CONSOLE(1)] "Unknown VE context: justify-cotent", source: devtools://devtools/bundled/devtools-frontend/front_end/ui/visual_logging/visual_logging.js (1)
9월 26, 2024 10:02:37.85 [5804:12808:0926/100237.085:ERROR:CONSOLE(1)] "Unknown VE context: justify-cotent", source: devtools://devtools/bundled/devtools-frontend/front_end/ui/visual_logging/visual_logging.js (1)
9월 26, 2024 10:02:37.192 [5804:12808:0926/100237.191:ERROR:CONSOLE(1)] "Unknown VE context: justify-cotent", source: devtools://devtools/bundled/devtools-frontend/front_end/ui/visual_logging/visual_logging.js (1)
9월 26, 2024 10:02:37.695 [5804:12808:0926/100237.695:ERROR:CONSOLE(1)] "Unknown VE context: justify-cotent", source: devtools://devtools/bundled/devtools-frontend/front_end/ui/visual_logging/visual_logging.js (1)
9월 26, 2024 10:02:38.248 [5804:12808:0926/100238.248:ERROR:CONSOLE(1)] "Unknown VE context: justify-cotent", source: devtools://devtools/bundled/devtools-frontend/front_end/ui/visual_logging/visual_logging.js (1)
9월 26, 2024 10:02:38.657 [5804:12808:0926/100238.657:ERROR:CONSOLE(1)] "Unknown VE context: justify-cotent", source: devtools://devtools/bundled/devtools-frontend/front_end/ui/visual_logging/visual_logging.js (1)
9월 26, 2024 10:02:38.744 [5804:12808:0926/100238.744:ERROR:CONSOLE(1)] "Unknown VE context: justify-cotent", source: devtools://devtools/bundled/devtools-frontend/front_end/ui/visual_logging/visual_logging.js (1)
9월 26, 2024 10:02:39.170 [5804:12808:0926/100239.169:ERROR:CONSOLE(1)] "Unknown VE context: justify-cotent", source: devtools://devtools/bundled/devtools-frontend/front_end/ui/visual_logging/visual_logging.js (1)
9월 26, 2024 10:02:39.779 [5804:12808:0926/100239.778:ERROR:CONSOLE(1)] "Unknown VE context: justify-cotent", source: devtools://devtools/bundled/devtools-frontend/front_end/ui/visual_logging/visual_logging.js (1)
9월 26, 2024 10:02:40.321 [5804:12808:0926/100240.320:ERROR:CONSOLE(1)] "Unknown VE context: justify-cotent", source: devtools://devtools/bundled/devtools-frontend/front_end/ui/visual_logging/visual_logging.js (1)
9월 26, 2024 10:02:41.08 [5804:12808:0926/100241.008:ERROR:CONSOLE(1)] "Unknown VE context: justify-cotent", source: devtools://devtools/bundled/devtools-frontend/front_end/ui/visual_logging/visual_logging.js (1)
9월 26, 2024 10:02:41.517 [5804:12808:0926/100241.516:ERROR:CONSOLE(1)] "Unknown VE context: justify-cotent", source: devtools://devtools/bundled/devtools-frontend/front_end/ui/visual_logging/visual_logging.js (1)
9월 26, 2024 10:02:42.658 [5804:12808:0926/100242.658:ERROR:CONSOLE(1)] "Unknown VE context: justify-cotent", source: devtools://devtools/bundled/devtools-frontend/front_end/ui/visual_logging/visual_logging.js (1)
9월 26, 2024 10:02:43.358 [5804:12808:0926/100243.357:ERROR:CONSOLE(1)] "Unknown VE context: justify-cotent", source: devtools://devtools/bundled/devtools-frontend/front_end/ui/visual_logging/visual_logging.js (1)
9월 26, 2024 10:02:44.292 [5804:12808:0926/100244.292:ERROR:CONSOLE(1)] "Unknown VE context: justify-cotent", source: devtools://devtools/bundled/devtools-frontend/front_end/ui/visual_logging/visual_logging.js (1)
9월 26, 2024 10:02:45.153 [5804:12808:0926/100245.153:ERROR:CONSOLE(1)] "Unknown VE context: justify-cotent", source: devtools://devtools/bundled/devtools-frontend/front_end/ui/visual_logging/visual_logging.js (1)
9월 26, 2024 10:02:45.793 [5804:12808:0926/100245.793:ERROR:CONSOLE(1)] "Unknown VE context: justify-cotent", source: devtools://devtools/bundled/devtools-frontend/front_end/ui/visual_logging/visual_logging.js (1)
9월 26, 2024 10:02:46.352 [5804:12808:0926/100246.352:ERROR:CONSOLE(1)] "Unknown VE context: justify-cotent", source: devtools://devtools/bundled/devtools-frontend/front_end/ui/visual_logging/visual_logging.js (1)
9월 26, 2024 10:02:47.99 [5804:12808:0926/100247.098:ERROR:CONSOLE(1)] "Unknown VE context: justify-cotent", source: devtools://devtools/bundled/devtools-frontend/front_end/ui/visual_logging/visual_logging.js (1)
9월 26, 2024 10:02:47.863 [5804:12808:0926/100247.862:ERROR:CONSOLE(1)] "Unknown VE context: justify-cotent", source: devtools://devtools/bundled/devtools-frontend/front_end/ui/visual_logging/visual_logging.js (1)
9월 26, 2024 10:02:48.746 [5804:12808:0926/100248.745:ERROR:CONSOLE(1)] "Unknown VE context: justify-cotent", source: devtools://devtools/bundled/devtools-frontend/front_end/ui/visual_logging/visual_logging.js (1)
9월 26, 2024 10:02:49.473 [5804:12808:0926/100249.473:ERROR:CONSOLE(1)] "Unknown VE context: justify-cotent", source: devtools://devtools/bundled/devtools-frontend/front_end/ui/visual_logging/visual_logging.js (1)
9월 26, 2024 10:02:49.481 [5804:12808:0926/100249.481:ERROR:CONSOLE(1)] "Unknown VE context: justify-cotent", source: devtools://devtools/bundled/devtools-frontend/front_end/ui/visual_logging/visual_logging.js (1)
9월 26, 2024 10:02:49.998 [5804:12808:0926/100249.998:ERROR:CONSOLE(1)] "Unknown VE context: justify-cotent", source: devtools://devtools/bundled/devtools-frontend/front_end/ui/visual_logging/visual_logging.js (1)
9월 26, 2024 10:02:50.847 [5804:12808:0926/100250.847:ERROR:CONSOLE(1)] "Unknown VE context: justify-cotent", source: devtools://devtools/bundled/devtools-frontend/front_end/ui/visual_logging/visual_logging.js (1)
9월 26, 2024 10:02:51.448 [5804:12808:0926/100251.448:ERROR:CONSOLE(1)] "Unknown VE context: justify-cotent", source: devtools://devtools/bundled/devtools-frontend/front_end/ui/visual_logging/visual_logging.js (1)
9월 26, 2024 10:02:52.216 [5804:12808:0926/100252.216:ERROR:CONSOLE(1)] "Unknown VE context: justify-cotent", source: devtools://devtools/bundled/devtools-frontend/front_end/ui/visual_logging/visual_logging.js (1)
9월 26, 2024 10:02:53.35 [5804:12808:0926/100253.035:ERROR:CONSOLE(1)] "Unknown VE context: justify-cotent", source: devtools://devtools/bundled/devtools-frontend/front_end/ui/visual_logging/visual_logging.js (1)
9월 26, 2024 10:02:54.619 [5804:12808:0926/100254.619:ERROR:CONSOLE(1)] "Unknown VE context: justify-cotent", source: devtools://devtools/bundled/devtools-frontend/front_end/ui/visual_logging/visual_logging.js (1)
9월 26, 2024 10:02:55.185 [5804:12808:0926/100255.184:ERROR:CONSOLE(1)] "Unknown VE context: justify-cotent", source: devtools://devtools/bundled/devtools-frontend/front_end/ui/visual_logging/visual_logging.js (1)
9월 26, 2024 10:02:55.959 [5804:12808:0926/100255.958:ERROR:CONSOLE(1)] "Unknown VE context: justify-cotent", source: devtools://devtools/bundled/devtools-frontend/front_end/ui/visual_logging/visual_logging.js (1)
9월 26, 2024 10:02:57.788 [5804:12808:0926/100257.787:ERROR:CONSOLE(1)] "Unknown VE context: justify-cotent", source: devtools://devtools/bundled/devtools-frontend/front_end/ui/visual_logging/visual_logging.js (1)
9월 26, 2024 10:02:58.694 [5804:12808:0926/100258.693:ERROR:CONSOLE(1)] "Unknown VE context: justify-cotent", source: devtools://devtools/bundled/devtools-frontend/front_end/ui/visual_logging/visual_logging.js (1)
9월 26, 2024 10:02:59.94 [5804:12808:0926/100259.094:ERROR:CONSOLE(1)] "Unknown VE context: justify-cotent", source: devtools://devtools/bundled/devtools-frontend/front_end/ui/visual_logging/visual_logging.js (1)
9월 26, 2024 10:02:59.600 [5804:12808:0926/100259.600:ERROR:CONSOLE(1)] "Unknown VE context: justify-cotent", source: devtools://devtools/bundled/devtools-frontend/front_end/ui/visual_logging/visual_logging.js (1)
9월 26, 2024 10:03:01.860 [5804:12808:0926/100301.860:ERROR:CONSOLE(1)] "Unknown VE context: justify-cotent", source: devtools://devtools/bundled/devtools-frontend/front_end/ui/visual_logging/visual_logging.js (1)
9월 26, 2024 10:03:02.373 [5804:12808:0926/100302.372:ERROR:CONSOLE(1)] "Unknown VE context: justify-cotent", source: devtools://devtools/bundled/devtools-frontend/front_end/ui/visual_logging/visual_logging.js (1)
9월 26, 2024 10:03:02.916 [5804:12808:0926/100302.916:ERROR:CONSOLE(1)] "Unknown VE context: justify-cotent", source: devtools://devtools/bundled/devtools-frontend/front_end/ui/visual_logging/visual_logging.js (1)
9월 26, 2024 10:03:04.111 [5804:12808:0926/100304.110:ERROR:CONSOLE(1)] "Unknown VE context: justify-cotent", source: devtools://devtools/bundled/devtools-frontend/front_end/ui/visual_logging/visual_logging.js (1)
9월 26, 2024 10:03:06.947 [5804:12808:0926/100306.946:ERROR:CONSOLE(1)] "Unknown VE context: justify-cotent", source: devtools://devtools/bundled/devtools-frontend/front_end/ui/visual_logging/visual_logging.js (1)
9월 26, 2024 10:03:07.866 [5804:12808:0926/100307.865:ERROR:CONSOLE(1)] "Unknown VE context: justify-cotent", source: devtools://devtools/bundled/devtools-frontend/front_end/ui/visual_logging/visual_logging.js (1)
9월 26, 2024 10:03:08.690 [5804:12808:0926/100308.690:ERROR:CONSOLE(1)] "Unknown VE context: justify-cotent", source: devtools://devtools/bundled/devtools-frontend/front_end/ui/visual_logging/visual_logging.js (1)
9월 26, 2024 10:03:11.117 [5804:12808:0926/100311.117:ERROR:CONSOLE(1)] "Unknown VE context: justify-cotent", source: devtools://devtools/bundled/devtools-frontend/front_end/ui/visual_logging/visual_logging.js (1)
9월 26, 2024 10:03:11.668 [5804:12808:0926/100311.668:ERROR:CONSOLE(1)] "Unknown VE context: justify-cotent", source: devtools://devtools/bundled/devtools-frontend/front_end/ui/visual_logging/visual_logging.js (1)
9월 26, 2024 10:03:14.554 [5804:12808:0926/100314.554:ERROR:CONSOLE(1)] "Unknown VE context: justify-cotent", source: devtools://devtools/bundled/devtools-frontend/front_end/ui/visual_logging/visual_logging.js (1)
9월 26, 2024 10:03:15.143 [5804:12808:0926/100315.143:ERROR:CONSOLE(1)] "Unknown VE context: justify-cotent", source: devtools://devtools/bundled/devtools-frontend/front_end/ui/visual_logging/visual_logging.js (1)
9월 26, 2024 10:03:16.557 [5804:12808:0926/100316.557:ERROR:CONSOLE(1)] "Unknown VE context: justify-cotent", source: devtools://devtools/bundled/devtools-frontend/front_end/ui/visual_logging/visual_logging.js (1)
9월 26, 2024 10:03:17.374 [5804:12808:0926/100317.374:ERROR:CONSOLE(1)] "Unknown VE context: justify-cotent", source: devtools://devtools/bundled/devtools-frontend/front_end/ui/visual_logging/visual_logging.js (1)
9월 26, 2024 10:03:18.192 [5804:12808:0926/100318.191:ERROR:CONSOLE(1)] "Unknown VE context: justify-cotent", source: devtools://devtools/bundled/devtools-frontend/front_end/ui/visual_logging/visual_logging.js (1)
9월 26, 2024 10:03:21.11 [5804:12808:0926/100321.011:ERROR:CONSOLE(1)] "Unknown VE context: justify-cotent", source: devtools://devtools/bundled/devtools-frontend/front_end/ui/visual_logging/visual_logging.js (1)
9월 26, 2024 10:03:21.819 [5804:12808:0926/100321.819:ERROR:CONSOLE(1)] "Unknown VE context: justify-cotent", source: devtools://devtools/bundled/devtools-frontend/front_end/ui/visual_logging/visual_logging.js (1)
9월 26, 2024 10:03:22.413 [5804:12808:0926/100322.412:ERROR:CONSOLE(1)] "Unknown VE context: justify-cotent", source: devtools://devtools/bundled/devtools-frontend/front_end/ui/visual_logging/visual_logging.js (1)
9월 26, 2024 10:04:27.394 [5804:12808:0926/100427.394:ERROR:CONSOLE(1)] "Unknown VE context: justify-cotent", source: devtools://devtools/bundled/devtools-frontend/front_end/ui/visual_logging/visual_logging.js (1)
9월 26, 2024 10:04:27.665 [5804:12808:0926/100427.665:ERROR:CONSOLE(1)] "Unknown VE context: justify-cotent", source: devtools://devtools/bundled/devtools-frontend/front_end/ui/visual_logging/visual_logging.js (1)
9월 26, 2024 10:04:28.311 [5804:12808:0926/100428.310:ERROR:CONSOLE(1)] "Unknown VE context: justify-cotent", source: devtools://devtools/bundled/devtools-frontend/front_end/ui/visual_logging/visual_logging.js (1)
9월 26, 2024 10:04:29.299 [5804:12808:0926/100429.298:ERROR:CONSOLE(1)] "Unknown VE context: justify-cotent", source: devtools://devtools/bundled/devtools-frontend/front_end/ui/visual_logging/visual_logging.js (1)
9월 26, 2024 10:04:29.813 [5804:12808:0926/100429.813:ERROR:CONSOLE(1)] "Unknown VE context: justify-cotent", source: devtools://devtools/bundled/devtools-frontend/front_end/ui/visual_logging/visual_logging.js (1)
9월 26, 2024 10:04:30.756 [5804:12808:0926/100430.756:ERROR:CONSOLE(1)] "Unknown VE context: justify-cotent", source: devtools://devtools/bundled/devtools-frontend/front_end/ui/visual_logging/visual_logging.js (1)
9월 26, 2024 10:04:31.513 [5804:12808:0926/100431.513:ERROR:CONSOLE(1)] "Unknown VE context: justify-cotent", source: devtools://devtools/bundled/devtools-frontend/front_end/ui/visual_logging/visual_logging.js (1)
9월 26, 2024 10:04:32.166 [5804:12808:0926/100432.166:ERROR:CONSOLE(1)] "Unknown VE context: justify-cotent", source: devtools://devtools/bundled/devtools-frontend/front_end/ui/visual_logging/visual_logging.js (1)
9월 26, 2024 10:04:32.732 [5804:12808:0926/100432.731:ERROR:CONSOLE(1)] "Unknown VE context: justify-cotent", source: devtools://devtools/bundled/devtools-frontend/front_end/ui/visual_logging/visual_logging.js (1)
9월 26, 2024 10:04:33.267 [5804:12808:0926/100433.266:ERROR:CONSOLE(1)] "Unknown VE context: justify-cotent", source: devtools://devtools/bundled/devtools-frontend/front_end/ui/visual_logging/visual_logging.js (1)
9월 26, 2024 10:04:34.400 [5804:12808:0926/100434.400:ERROR:CONSOLE(1)] "Unknown VE context: justify-cotent", source: devtools://devtools/bundled/devtools-frontend/front_end/ui/visual_logging/visual_logging.js (1)
9월 26, 2024 10:04:35.01 [5804:12808:0926/100435.000:ERROR:CONSOLE(1)] "Unknown VE context: justify-cotent", source: devtools://devtools/bundled/devtools-frontend/front_end/ui/visual_logging/visual_logging.js (1)
9월 26, 2024 10:04:36.502 [5804:12808:0926/100436.502:ERROR:CONSOLE(1)] "Unknown VE context: justify-cotent", source: devtools://devtools/bundled/devtools-frontend/front_end/ui/visual_logging/visual_logging.js (1)
9월 26, 2024 10:04:37.140 [5804:12808:0926/100437.140:ERROR:CONSOLE(1)] "Unknown VE context: justify-cotent", source: devtools://devtools/bundled/devtools-frontend/front_end/ui/visual_logging/visual_logging.js (1)
9월 26, 2024 10:04:37.937 [5804:12808:0926/100437.937:ERROR:CONSOLE(1)] "Unknown VE context: justify-cotent", source: devtools://devtools/bundled/devtools-frontend/front_end/ui/visual_logging/visual_logging.js (1)
9월 26, 2024 10:04:38.622 [5804:12808:0926/100438.621:ERROR:CONSOLE(1)] "Unknown VE context: justify-cotent", source: devtools://devtools/bundled/devtools-frontend/front_end/ui/visual_logging/visual_logging.js (1)
9월 26, 2024 10:04:39.316 [5804:12808:0926/100439.316:ERROR:CONSOLE(1)] "Unknown VE context: justify-cotent", source: devtools://devtools/bundled/devtools-frontend/front_end/ui/visual_logging/visual_logging.js (1)
9월 26, 2024 10:05:49.789 [5804:12808:0926/100549.788:ERROR:CONSOLE(1)] "Unknown VE context: justify-cotent", source: devtools://devtools/bundled/devtools-frontend/front_end/ui/visual_logging/visual_logging.js (1)
9월 26, 2024 10:05:50.296 [5804:12808:0926/100550.296:ERROR:CONSOLE(1)] "Unknown VE context: justify-cotent", source: devtools://devtools/bundled/devtools-frontend/front_end/ui/visual_logging/visual_logging.js (1)
9월 26, 2024 10:06:58.06 [5804:13928:0926/100658.006:ERROR:registration_request.cc(291)] Registration response error message: DEPRECATED_ENDPOINT
9월 26, 2024 10:56:54.462 [5804:13928:0926/105654.462:ERROR:connection_factory_impl.cc(434)] Failed to connect to MCS endpoint with error -118
9월 26, 2024 10:57:15.513 [5804:13928:0926/105715.513:ERROR:connection_factory_impl.cc(434)] Failed to connect to MCS endpoint with error -118
9월 26, 2024 10:57:57.361 [5804:13928:0926/105757.360:ERROR:connection_factory_impl.cc(434)] Failed to connect to MCS endpoint with error -118
9월 26, 2024 10:59:02.502 [5804:13928:0926/105902.502:ERROR:connection_factory_impl.cc(434)] Failed to connect to MCS endpoint with error -118
9월 26, 2024 11:01:10.332 [5804:13928:0926/110110.332:ERROR:connection_factory_impl.cc(434)] Failed to connect to MCS endpoint with error -118
9월 26, 2024 11:08:18.225 [5804:13928:0926/110818.225:ERROR:connection_factory_impl.cc(434)] Failed to connect to MCS endpoint with error -118
9월 26, 2024 11:08:39.277 [5804:13928:0926/110839.277:ERROR:connection_factory_impl.cc(434)] Failed to connect to MCS endpoint with error -118
